c:\users\darkw\onedrive\escritorio\arqui motores\motores\crayolaengine\intermediate\crayolaengine\x64\debug\window.obj
c:\users\darkw\onedrive\escritorio\arqui motores\motores\crayolaengine\intermediate\crayolaengine\x64\debug\texture.obj
c:\users\darkw\onedrive\escritorio\arqui motores\motores\crayolaengine\intermediate\crayolaengine\x64\debug\device.obj
c:\users\darkw\onedrive\escritorio\arqui motores\motores\crayolaengine\intermediate\crayolaengine\x64\debug\baseapp.obj
c:\users\darkw\onedrive\escritorio\arqui motores\motores\crayolaengine\intermediate\crayolaengine\x64\debug\devicecontext.obj
c:\users\darkw\onedrive\escritorio\arqui motores\motores\crayolaengine\intermediate\crayolaengine\x64\debug\crayolaengine.obj
c:\users\darkw\onedrive\escritorio\arqui motores\motores\crayolaengine\intermediate\crayolaengine\x64\debug\vc143.pdb
c:\users\darkw\onedrive\escritorio\arqui motores\motores\crayolaengine\intermediate\crayolaengine\x64\debug\crayolaengine.res
c:\users\darkw\onedrive\escritorio\arqui motores\motores\crayolaengine\intermediate\crayolaengine\x64\debug\vc143.idb
c:\users\darkw\onedrive\escritorio\arqui motores\motores\crayolaengine\bin/x64/crayolaengine_d.pdb
c:\users\darkw\onedrive\escritorio\arqui motores\motores\crayolaengine\intermediate/crayolaengine/x64/debug/crayolaengine_2010.vcxproj.filelistabsolute.txt
c:\users\darkw\onedrive\escritorio\arqui motores\motores\crayolaengine\intermediate\crayolaengine\x64\debug\crayolaengine.tlog\cl.1292.write.1.tlog
c:\users\darkw\onedrive\escritorio\arqui motores\motores\crayolaengine\intermediate\crayolaengine\x64\debug\crayolaengine.tlog\cl.command.1.tlog
c:\users\darkw\onedrive\escritorio\arqui motores\motores\crayolaengine\intermediate\crayolaengine\x64\debug\crayolaengine.tlog\cl.read.1.tlog
c:\users\darkw\onedrive\escritorio\arqui motores\motores\crayolaengine\intermediate\crayolaengine\x64\debug\crayolaengine.tlog\link-cvtres.read.1.tlog
c:\users\darkw\onedrive\escritorio\arqui motores\motores\crayolaengine\intermediate\crayolaengine\x64\debug\crayolaengine.tlog\link-cvtres.write.1.tlog
c:\users\darkw\onedrive\escritorio\arqui motores\motores\crayolaengine\intermediate\crayolaengine\x64\debug\crayolaengine.tlog\link-mt.read.1.tlog
c:\users\darkw\onedrive\escritorio\arqui motores\motores\crayolaengine\intermediate\crayolaengine\x64\debug\crayolaengine.tlog\link-mt.write.1.tlog
c:\users\darkw\onedrive\escritorio\arqui motores\motores\crayolaengine\intermediate\crayolaengine\x64\debug\crayolaengine.tlog\link-rc.read.1.tlog
c:\users\darkw\onedrive\escritorio\arqui motores\motores\crayolaengine\intermediate\crayolaengine\x64\debug\crayolaengine.tlog\link-rc.write.1.tlog
c:\users\darkw\onedrive\escritorio\arqui motores\motores\crayolaengine\intermediate\crayolaengine\x64\debug\crayolaengine.tlog\link.command.1.tlog
c:\users\darkw\onedrive\escritorio\arqui motores\motores\crayolaengine\intermediate\crayolaengine\x64\debug\crayolaengine.tlog\link.read.1.tlog
c:\users\darkw\onedrive\escritorio\arqui motores\motores\crayolaengine\intermediate\crayolaengine\x64\debug\crayolaengine.tlog\link.read.2.tlog
c:\users\darkw\onedrive\escritorio\arqui motores\motores\crayolaengine\intermediate\crayolaengine\x64\debug\crayolaengine.tlog\link.write.1.tlog
c:\users\darkw\onedrive\escritorio\arqui motores\motores\crayolaengine\intermediate\crayolaengine\x64\debug\crayolaengine.tlog\rc.command.1.tlog
c:\users\darkw\onedrive\escritorio\arqui motores\motores\crayolaengine\intermediate\crayolaengine\x64\debug\crayolaengine.tlog\rc.read.1.tlog
c:\users\darkw\onedrive\escritorio\arqui motores\motores\crayolaengine\intermediate\crayolaengine\x64\debug\crayolaengine.tlog\rc.write.1.tlog
